<?xml version="1.0" encoding="UTF-8"?>
<testng-results ignored="0" total="5" passed="5" failed="0" skipped="0">
  <reporter-output>
  </reporter-output>
  <suite started-at="2023-01-21T07:24:50 IST" name="MRS" finished-at="2023-01-21T07:25:07 IST" duration-ms="16968">
    <groups>
    </groups>
    <test started-at="2023-01-21T07:24:50 IST" name="DriverScript" finished-at="2023-01-21T07:25:07 IST" duration-ms="16968">
      <class name="com.automation.testscripts.DriverScript">
        <test-method is-config="true" signature="openBrowser(java.lang.String)[pri:0, instance:com.automation.testscripts.DriverScript@536f2a7e]" started-at="2023-01-21T07:24:50 IST" name="openBrowser" finished-at="2023-01-21T07:24:54 IST" duration-ms="4099" status="PASS">
          <params>
            <param index="0">
              <value>
                <![CDATA[chrome]]>
              </value>
            </param>
          </params>
          <reporter-output>
          </reporter-output>
        </test-method> <!-- openBrowser -->
        <test-method signature="execute(java.lang.String,java.lang.String,java.lang.String,java.lang.String,java.lang.String)[pri:0, instance:com.automation.testscripts.DriverScript@536f2a7e]" started-at="2023-01-21T07:24:58 IST" name="execute" data-provider="getTestData" finished-at="2023-01-21T07:25:03 IST" duration-ms="4648" status="PASS">
          <params>
            <param index="0">
              <value>
                <![CDATA[TC_001_CreateRecord]]>
              </value>
            </param>
            <param index="1">
              <value>
                <![CDATA[Enter Application URL]]>
              </value>
            </param>
            <param index="2">
              <value>
                <![CDATA[visit]]>
              </value>
            </param>
            <param index="3">
              <value>
                <![CDATA[]]>
              </value>
            </param>
            <param index="4">
              <value>
                <![CDATA[https://demo.openmrs.org/openmrs/login.htm]]>
              </value>
            </param>
          </params>
          <reporter-output>
          </reporter-output>
        </test-method> <!-- execute -->
        <test-method signature="execute(java.lang.String,java.lang.String,java.lang.String,java.lang.String,java.lang.String)[pri:0, instance:com.automation.testscripts.DriverScript@536f2a7e]" started-at="2023-01-21T07:25:03 IST" name="execute" data-provider="getTestData" finished-at="2023-01-21T07:25:03 IST" duration-ms="318" status="PASS">
          <params>
            <param index="0">
              <value is-null="true"/>
            </param>
            <param index="1">
              <value>
                <![CDATA[Enter UserName]]>
              </value>
            </param>
            <param index="2">
              <value>
                <![CDATA[setValue]]>
              </value>
            </param>
            <param index="3">
              <value>
                <![CDATA[id=username]]>
              </value>
            </param>
            <param index="4">
              <value>
                <![CDATA[Admin]]>
              </value>
            </param>
          </params>
          <reporter-output>
          </reporter-output>
        </test-method> <!-- execute -->
        <test-method signature="execute(java.lang.String,java.lang.String,java.lang.String,java.lang.String,java.lang.String)[pri:0, instance:com.automation.testscripts.DriverScript@536f2a7e]" started-at="2023-01-21T07:25:03 IST" name="execute" data-provider="getTestData" finished-at="2023-01-21T07:25:03 IST" duration-ms="236" status="PASS">
          <params>
            <param index="0">
              <value is-null="true"/>
            </param>
            <param index="1">
              <value>
                <![CDATA[Enter Password]]>
              </value>
            </param>
            <param index="2">
              <value>
                <![CDATA[setValue]]>
              </value>
            </param>
            <param index="3">
              <value>
                <![CDATA[id=password]]>
              </value>
            </param>
            <param index="4">
              <value>
                <![CDATA[Admin123]]>
              </value>
            </param>
          </params>
          <reporter-output>
          </reporter-output>
        </test-method> <!-- execute -->
        <test-method signature="execute(java.lang.String,java.lang.String,java.lang.String,java.lang.String,java.lang.String)[pri:0, instance:com.automation.testscripts.DriverScript@536f2a7e]" started-at="2023-01-21T07:25:03 IST" name="execute" data-provider="getTestData" finished-at="2023-01-21T07:25:03 IST" duration-ms="150" status="PASS">
          <params>
            <param index="0">
              <value is-null="true"/>
            </param>
            <param index="1">
              <value>
                <![CDATA[Click on Rdesk]]>
              </value>
            </param>
            <param index="2">
              <value>
                <![CDATA[click]]>
              </value>
            </param>
            <param index="3">
              <value>
                <![CDATA[id=Registration Desk]]>
              </value>
            </param>
            <param index="4">
              <value is-null="true"/>
            </param>
          </params>
          <reporter-output>
          </reporter-output>
        </test-method> <!-- execute -->
        <test-method signature="execute(java.lang.String,java.lang.String,java.lang.String,java.lang.String,java.lang.String)[pri:0, instance:com.automation.testscripts.DriverScript@536f2a7e]" started-at="2023-01-21T07:25:03 IST" name="execute" data-provider="getTestData" finished-at="2023-01-21T07:25:05 IST" duration-ms="1837" status="PASS">
          <params>
            <param index="0">
              <value is-null="true"/>
            </param>
            <param index="1">
              <value>
                <![CDATA[Click on Login]]>
              </value>
            </param>
            <param index="2">
              <value>
                <![CDATA[click]]>
              </value>
            </param>
            <param index="3">
              <value>
                <![CDATA[id=loginButton]]>
              </value>
            </param>
            <param index="4">
              <value is-null="true"/>
            </param>
          </params>
          <reporter-output>
          </reporter-output>
        </test-method> <!-- execute -->
        <test-method is-config="true" signature="closeBrowser()[pri:0, instance:com.automation.testscripts.DriverScript@536f2a7e]" started-at="2023-01-21T07:25:05 IST" name="closeBrowser" finished-at="2023-01-21T07:25:07 IST" duration-ms="1340" status="PASS">
          <reporter-output>
          </reporter-output>
        </test-method> <!-- closeBrowser -->
      </class> <!-- com.automation.testscripts.DriverScript -->
    </test> <!-- DriverScript -->
  </suite> <!-- MRS -->
</testng-results>
