<?xml version="1.0" encoding="UTF-8"?>
<!-- Generated by org.testng.reporters.JUnitXMLReporter -->
<testsuite ignored="0" hostname="SRIKRISHNA" failures="0" tests="5" name="DriverScript" time="16.968" errors="0" timestamp="2023-01-21T07:25:07 IST">
  <testcase classname="com.automation.testscripts.DriverScript" name="execute" time="4.648"/>
  <testcase classname="com.automation.testscripts.DriverScript" name="execute" time="0.318"/>
  <testcase classname="com.automation.testscripts.DriverScript" name="execute" time="0.236"/>
  <testcase classname="com.automation.testscripts.DriverScript" name="execute" time="0.15"/>
  <testcase classname="com.automation.testscripts.DriverScript" name="execute" time="1.837"/>
</testsuite> <!-- DriverScript -->
